  DllEntry.cpp
  LiarMaxDialogMgr.cpp
  LiarMaxNodeParse.cpp
  LiarMaxPlugin.cpp
e:\c++\liarmaxplugin\liarmaxplugin\liarmaxnodeparse.cpp(20): warning C4189: “revertYZ”: 局部变量已初始化但不引用
e:\c++\liarmaxplugin\liarmaxplugin\liarmaxnodeparse.cpp(277): warning C4389: “==”: 有符号/无符号不匹配
e:\c++\liarmaxplugin\liarmaxplugin\liarmaxnodeparse.cpp(318): warning C4245: “初始化”: 从“int”转换到“std::size_t”，有符号/无符号不匹配
e:\c++\liarmaxplugin\liarmaxplugin\liarmaxnodeparse.cpp(324): warning C4100: “tmpGameMesh”: 未引用的形参
e:\c++\liarmaxplugin\liarmaxplugin\liarmaxnodeparse.cpp(387): warning C4100: “ctr”: 未引用的形参
e:\c++\liarmaxplugin\liarmaxplugin\liarmaxnodeparse.cpp(442): warning C4100: “bondId”: 未引用的形参
  e:\c++\liarmaxplugin\liarmaxplugin\dllentry.cpp(79): TODO: Perform initialization here.
  e:\c++\liarmaxplugin\liarmaxplugin\liarmaxplugin.cpp(115): TODO: Returns the number of file name extensions supported by the plug-in.
  e:\c++\liarmaxplugin\liarmaxplugin\dllentry.cpp(88): TODO: Perform un-initialization here.
  e:\c++\liarmaxplugin\liarmaxplugin\liarmaxplugin.cpp(121): TODO: Return the 'i-th' file name extension (i.e. "3DS").
  e:\c++\liarmaxplugin\liarmaxplugin\liarmaxplugin.cpp(127): TODO: Return long ASCII description (i.e. "Targa 2.0 Image File")
  e:\c++\liarmaxplugin\liarmaxplugin\liarmaxplugin.cpp(133): TODO: Return short ASCII description (i.e. "Targa")
  e:\c++\liarmaxplugin\liarmaxplugin\liarmaxplugin.cpp(139): TODO: Return ASCII Author name
  e:\c++\liarmaxplugin\liarmaxplugin\liarmaxplugin.cpp(145): TODO: Return ASCII Copyright message
  e:\c++\liarmaxplugin\liarmaxplugin\liarmaxplugin.cpp(163): TODO: Return Version number * 100 (i.e. v3.01 = 301)
  e:\c++\liarmaxplugin\liarmaxplugin\liarmaxplugin.cpp(174): TODO: Decide which options to support.  Simply return true for each option supported by each Extension the exporter supports.
  e:\c++\liarmaxplugin\liarmaxplugin\liarmaxplugin.cpp(181): TODO: Implement the actual file Export here and
  LINK : 没有找到 D:\InitTools\3DMax2019\3ds Max 2019\Plugins\LiarMaxPlugin.dle 或上一个增量链接没有生成它；正在执行完全链接
    正在创建库 E:\c++\LiarMaxPlugin\LiarMaxPlugin\\obj\x64\Debug\\LiarMaxPlugin.lib 和对象 E:\c++\LiarMaxPlugin\LiarMaxPlugin\\obj\x64\Debug\\LiarMaxPlugin.exp
  LiarMaxPlugin.vcxproj -> D:\InitTools\3DMax2019\3ds Max 2019\Plugins\LiarMaxPlugin.dle
  LiarMaxPlugin.vcxproj -> D:\InitTools\3DMax2019\3ds Max 2019\Plugins\LiarMaxPlugin.dle.pdb (Full PDB)
